                                      1 ;--------------------------------------------------------
                                      2 ; File Created by SDCC : free open source ISO C Compiler
                                      3 ; Version 4.5.0 #15242 (Linux)
                                      4 ;--------------------------------------------------------
                                      5 	.module gpio
                                      6 	
                                      7 	.optsdcc -mmcs51 --model-small
                                      8 ;--------------------------------------------------------
                                      9 ; Public variables in this module
                                     10 ;--------------------------------------------------------
                                     11 	.globl _GPIO_toggleBitValue_PARM_2
                                     12 	.globl _GPIO_setBitValue_PARM_2
                                     13 	.globl _GPIO_resetBitValue_PARM_2
                                     14 	.globl _GPIO_getBitValue_PARM_2
                                     15 	.globl _GPIO_configPortValue_PARM_2
                                     16 	.globl _PX3
                                     17 	.globl _EX3
                                     18 	.globl _IE3
                                     19 	.globl _IT3
                                     20 	.globl _PX2
                                     21 	.globl _EX2
                                     22 	.globl _IE2
                                     23 	.globl _IT2
                                     24 	.globl _TF2
                                     25 	.globl _EXF2
                                     26 	.globl _RCLK
                                     27 	.globl _TCLK
                                     28 	.globl _EXEN2
                                     29 	.globl _TR2
                                     30 	.globl _T2_CT
                                     31 	.globl _CPRL2
                                     32 	.globl _INT2
                                     33 	.globl _INT3
                                     34 	.globl _P4_3
                                     35 	.globl _P4_2
                                     36 	.globl _P4_1
                                     37 	.globl _P4_0
                                     38 	.globl _T2EX
                                     39 	.globl _T2
                                     40 	.globl _PT2
                                     41 	.globl _ET2
                                     42 	.globl _CY
                                     43 	.globl _AC
                                     44 	.globl _F0
                                     45 	.globl _RS1
                                     46 	.globl _RS0
                                     47 	.globl _OV
                                     48 	.globl _F1
                                     49 	.globl _P
                                     50 	.globl _PS
                                     51 	.globl _PT1
                                     52 	.globl _PX1
                                     53 	.globl _PT0
                                     54 	.globl _PX0
                                     55 	.globl _RD
                                     56 	.globl _WR
                                     57 	.globl _T1
                                     58 	.globl _T0
                                     59 	.globl _INT1
                                     60 	.globl _INT0
                                     61 	.globl _TXD
                                     62 	.globl _RXD
                                     63 	.globl _P3_7
                                     64 	.globl _P3_6
                                     65 	.globl _P3_5
                                     66 	.globl _P3_4
                                     67 	.globl _P3_3
                                     68 	.globl _P3_2
                                     69 	.globl _P3_1
                                     70 	.globl _P3_0
                                     71 	.globl _EA
                                     72 	.globl _ES
                                     73 	.globl _ET1
                                     74 	.globl _EX1
                                     75 	.globl _ET0
                                     76 	.globl _EX0
                                     77 	.globl _P2_7
                                     78 	.globl _P2_6
                                     79 	.globl _P2_5
                                     80 	.globl _P2_4
                                     81 	.globl _P2_3
                                     82 	.globl _P2_2
                                     83 	.globl _P2_1
                                     84 	.globl _P2_0
                                     85 	.globl _SM0
                                     86 	.globl _SM1
                                     87 	.globl _SM2
                                     88 	.globl _REN
                                     89 	.globl _TB8
                                     90 	.globl _RB8
                                     91 	.globl _TI
                                     92 	.globl _RI
                                     93 	.globl _P1_7
                                     94 	.globl _P1_6
                                     95 	.globl _P1_5
                                     96 	.globl _P1_4
                                     97 	.globl _P1_3
                                     98 	.globl _P1_2
                                     99 	.globl _P1_1
                                    100 	.globl _P1_0
                                    101 	.globl _TF1
                                    102 	.globl _TR1
                                    103 	.globl _TF0
                                    104 	.globl _TR0
                                    105 	.globl _IE1
                                    106 	.globl _IT1
                                    107 	.globl _IE0
                                    108 	.globl _IT0
                                    109 	.globl _P0_7
                                    110 	.globl _P0_6
                                    111 	.globl _P0_5
                                    112 	.globl _P0_4
                                    113 	.globl _P0_3
                                    114 	.globl _P0_2
                                    115 	.globl _P0_1
                                    116 	.globl _P0_0
                                    117 	.globl _P4
                                    118 	.globl _ISP_CONTR
                                    119 	.globl _ISP_TRIG
                                    120 	.globl _ISP_CMD
                                    121 	.globl _ISP_ADDRL
                                    122 	.globl _ISP_ADDRH
                                    123 	.globl _ISP_DATA
                                    124 	.globl _WDT_CONTR
                                    125 	.globl _TH2
                                    126 	.globl _TL2
                                    127 	.globl _RCAP2H
                                    128 	.globl _RCAP2L
                                    129 	.globl _T2MOD
                                    130 	.globl _T2CON
                                    131 	.globl _XICON
                                    132 	.globl _IPH
                                    133 	.globl _SADDR1
                                    134 	.globl _AUXR1
                                    135 	.globl _AUXR
                                    136 	.globl _B
                                    137 	.globl _ACC
                                    138 	.globl _PSW
                                    139 	.globl _IP
                                    140 	.globl _P3
                                    141 	.globl _IE
                                    142 	.globl _P2
                                    143 	.globl _SBUF
                                    144 	.globl _SCON
                                    145 	.globl _P1
                                    146 	.globl _TH1
                                    147 	.globl _TH0
                                    148 	.globl _TL1
                                    149 	.globl _TL0
                                    150 	.globl _TMOD
                                    151 	.globl _TCON
                                    152 	.globl _PCON
                                    153 	.globl _DPH
                                    154 	.globl _DPL
                                    155 	.globl _SP
                                    156 	.globl _P0
                                    157 	.globl _GPIO_configBitValue_PARM_3
                                    158 	.globl _GPIO_configBitValue_PARM_2
                                    159 	.globl _GPIO_configBitValue
                                    160 	.globl _GPIO_configPortValue
                                    161 	.globl _GPIO_getBitValue
                                    162 	.globl _GPIO_getPortValue
                                    163 	.globl _GPIO_resetBitValue
                                    164 	.globl _GPIO_setBitValue
                                    165 	.globl _GPIO_toggleBitValue
                                    166 ;--------------------------------------------------------
                                    167 ; special function registers
                                    168 ;--------------------------------------------------------
                                    169 	.area RSEG    (ABS,DATA)
      000000                        170 	.org 0x0000
                           000080   171 _P0	=	0x0080
                           000081   172 _SP	=	0x0081
                           000082   173 _DPL	=	0x0082
                           000083   174 _DPH	=	0x0083
                           000087   175 _PCON	=	0x0087
                           000088   176 _TCON	=	0x0088
                           000089   177 _TMOD	=	0x0089
                           00008A   178 _TL0	=	0x008a
                           00008B   179 _TL1	=	0x008b
                           00008C   180 _TH0	=	0x008c
                           00008D   181 _TH1	=	0x008d
                           000090   182 _P1	=	0x0090
                           000098   183 _SCON	=	0x0098
                           000099   184 _SBUF	=	0x0099
                           0000A0   185 _P2	=	0x00a0
                           0000A8   186 _IE	=	0x00a8
                           0000B0   187 _P3	=	0x00b0
                           0000B8   188 _IP	=	0x00b8
                           0000D0   189 _PSW	=	0x00d0
                           0000E0   190 _ACC	=	0x00e0
                           0000F0   191 _B	=	0x00f0
                           00008E   192 _AUXR	=	0x008e
                           0000A2   193 _AUXR1	=	0x00a2
                           0000A9   194 _SADDR1	=	0x00a9
                           0000B7   195 _IPH	=	0x00b7
                           0000C0   196 _XICON	=	0x00c0
                           0000C8   197 _T2CON	=	0x00c8
                           0000C9   198 _T2MOD	=	0x00c9
                           0000CA   199 _RCAP2L	=	0x00ca
                           0000CB   200 _RCAP2H	=	0x00cb
                           0000CC   201 _TL2	=	0x00cc
                           0000CD   202 _TH2	=	0x00cd
                           0000E1   203 _WDT_CONTR	=	0x00e1
                           0000E2   204 _ISP_DATA	=	0x00e2
                           0000E3   205 _ISP_ADDRH	=	0x00e3
                           0000E4   206 _ISP_ADDRL	=	0x00e4
                           0000E5   207 _ISP_CMD	=	0x00e5
                           0000E6   208 _ISP_TRIG	=	0x00e6
                           0000E7   209 _ISP_CONTR	=	0x00e7
                           0000E8   210 _P4	=	0x00e8
                                    211 ;--------------------------------------------------------
                                    212 ; special function bits
                                    213 ;--------------------------------------------------------
                                    214 	.area RSEG    (ABS,DATA)
      000000                        215 	.org 0x0000
                           000080   216 _P0_0	=	0x0080
                           000081   217 _P0_1	=	0x0081
                           000082   218 _P0_2	=	0x0082
                           000083   219 _P0_3	=	0x0083
                           000084   220 _P0_4	=	0x0084
                           000085   221 _P0_5	=	0x0085
                           000086   222 _P0_6	=	0x0086
                           000087   223 _P0_7	=	0x0087
                           000088   224 _IT0	=	0x0088
                           000089   225 _IE0	=	0x0089
                           00008A   226 _IT1	=	0x008a
                           00008B   227 _IE1	=	0x008b
                           00008C   228 _TR0	=	0x008c
                           00008D   229 _TF0	=	0x008d
                           00008E   230 _TR1	=	0x008e
                           00008F   231 _TF1	=	0x008f
                           000090   232 _P1_0	=	0x0090
                           000091   233 _P1_1	=	0x0091
                           000092   234 _P1_2	=	0x0092
                           000093   235 _P1_3	=	0x0093
                           000094   236 _P1_4	=	0x0094
                           000095   237 _P1_5	=	0x0095
                           000096   238 _P1_6	=	0x0096
                           000097   239 _P1_7	=	0x0097
                           000098   240 _RI	=	0x0098
                           000099   241 _TI	=	0x0099
                           00009A   242 _RB8	=	0x009a
                           00009B   243 _TB8	=	0x009b
                           00009C   244 _REN	=	0x009c
                           00009D   245 _SM2	=	0x009d
                           00009E   246 _SM1	=	0x009e
                           00009F   247 _SM0	=	0x009f
                           0000A0   248 _P2_0	=	0x00a0
                           0000A1   249 _P2_1	=	0x00a1
                           0000A2   250 _P2_2	=	0x00a2
                           0000A3   251 _P2_3	=	0x00a3
                           0000A4   252 _P2_4	=	0x00a4
                           0000A5   253 _P2_5	=	0x00a5
                           0000A6   254 _P2_6	=	0x00a6
                           0000A7   255 _P2_7	=	0x00a7
                           0000A8   256 _EX0	=	0x00a8
                           0000A9   257 _ET0	=	0x00a9
                           0000AA   258 _EX1	=	0x00aa
                           0000AB   259 _ET1	=	0x00ab
                           0000AC   260 _ES	=	0x00ac
                           0000AF   261 _EA	=	0x00af
                           0000B0   262 _P3_0	=	0x00b0
                           0000B1   263 _P3_1	=	0x00b1
                           0000B2   264 _P3_2	=	0x00b2
                           0000B3   265 _P3_3	=	0x00b3
                           0000B4   266 _P3_4	=	0x00b4
                           0000B5   267 _P3_5	=	0x00b5
                           0000B6   268 _P3_6	=	0x00b6
                           0000B7   269 _P3_7	=	0x00b7
                           0000B0   270 _RXD	=	0x00b0
                           0000B1   271 _TXD	=	0x00b1
                           0000B2   272 _INT0	=	0x00b2
                           0000B3   273 _INT1	=	0x00b3
                           0000B4   274 _T0	=	0x00b4
                           0000B5   275 _T1	=	0x00b5
                           0000B6   276 _WR	=	0x00b6
                           0000B7   277 _RD	=	0x00b7
                           0000B8   278 _PX0	=	0x00b8
                           0000B9   279 _PT0	=	0x00b9
                           0000BA   280 _PX1	=	0x00ba
                           0000BB   281 _PT1	=	0x00bb
                           0000BC   282 _PS	=	0x00bc
                           0000D0   283 _P	=	0x00d0
                           0000D1   284 _F1	=	0x00d1
                           0000D2   285 _OV	=	0x00d2
                           0000D3   286 _RS0	=	0x00d3
                           0000D4   287 _RS1	=	0x00d4
                           0000D5   288 _F0	=	0x00d5
                           0000D6   289 _AC	=	0x00d6
                           0000D7   290 _CY	=	0x00d7
                           0000AD   291 _ET2	=	0x00ad
                           0000BD   292 _PT2	=	0x00bd
                           000090   293 _T2	=	0x0090
                           000091   294 _T2EX	=	0x0091
                           0000E8   295 _P4_0	=	0x00e8
                           0000E9   296 _P4_1	=	0x00e9
                           0000EA   297 _P4_2	=	0x00ea
                           0000EB   298 _P4_3	=	0x00eb
                           0000EA   299 _INT3	=	0x00ea
                           0000EB   300 _INT2	=	0x00eb
                           0000C8   301 _CPRL2	=	0x00c8
                           0000C9   302 _T2_CT	=	0x00c9
                           0000CA   303 _TR2	=	0x00ca
                           0000CB   304 _EXEN2	=	0x00cb
                           0000CC   305 _TCLK	=	0x00cc
                           0000CD   306 _RCLK	=	0x00cd
                           0000CE   307 _EXF2	=	0x00ce
                           0000CF   308 _TF2	=	0x00cf
                           0000C0   309 _IT2	=	0x00c0
                           0000C1   310 _IE2	=	0x00c1
                           0000C2   311 _EX2	=	0x00c2
                           0000C3   312 _PX2	=	0x00c3
                           0000C4   313 _IT3	=	0x00c4
                           0000C5   314 _IE3	=	0x00c5
                           0000C6   315 _EX3	=	0x00c6
                           0000C7   316 _PX3	=	0x00c7
                                    317 ;--------------------------------------------------------
                                    318 ; overlayable register banks
                                    319 ;--------------------------------------------------------
                                    320 	.area REG_BANK_0	(REL,OVR,DATA)
      000000                        321 	.ds 8
                                    322 ;--------------------------------------------------------
                                    323 ; internal ram data
                                    324 ;--------------------------------------------------------
                                    325 	.area DSEG    (DATA)
      000000                        326 _GPIO_configBitValue_PARM_2:
      000000                        327 	.ds 1
      000001                        328 _GPIO_configBitValue_PARM_3:
      000001                        329 	.ds 1
                                    330 ;--------------------------------------------------------
                                    331 ; overlayable items in internal ram
                                    332 ;--------------------------------------------------------
                                    333 	.area	OSEG    (OVR,DATA)
      000000                        334 _GPIO_configPortValue_PARM_2:
      000000                        335 	.ds 1
                                    336 	.area	OSEG    (OVR,DATA)
      000000                        337 _GPIO_getBitValue_PARM_2:
      000000                        338 	.ds 1
                                    339 	.area	OSEG    (OVR,DATA)
                                    340 	.area	OSEG    (OVR,DATA)
      000000                        341 _GPIO_resetBitValue_PARM_2:
      000000                        342 	.ds 1
                                    343 	.area	OSEG    (OVR,DATA)
      000000                        344 _GPIO_setBitValue_PARM_2:
      000000                        345 	.ds 1
                                    346 	.area	OSEG    (OVR,DATA)
      000000                        347 _GPIO_toggleBitValue_PARM_2:
      000000                        348 	.ds 1
                                    349 ;--------------------------------------------------------
                                    350 ; indirectly addressable internal ram data
                                    351 ;--------------------------------------------------------
                                    352 	.area ISEG    (DATA)
                                    353 ;--------------------------------------------------------
                                    354 ; absolute internal ram data
                                    355 ;--------------------------------------------------------
                                    356 	.area IABS    (ABS,DATA)
                                    357 	.area IABS    (ABS,DATA)
                                    358 ;--------------------------------------------------------
                                    359 ; bit data
                                    360 ;--------------------------------------------------------
                                    361 	.area BSEG    (BIT)
      000000                        362 _GPIO_getBitValue_sloc0_1_0:
      000000                        363 	.ds 1
                                    364 ;--------------------------------------------------------
                                    365 ; paged external ram data
                                    366 ;--------------------------------------------------------
                                    367 	.area PSEG    (PAG,XDATA)
                                    368 ;--------------------------------------------------------
                                    369 ; uninitialized external ram data
                                    370 ;--------------------------------------------------------
                                    371 	.area XSEG    (XDATA)
                                    372 ;--------------------------------------------------------
                                    373 ; absolute external ram data
                                    374 ;--------------------------------------------------------
                                    375 	.area XABS    (ABS,XDATA)
                                    376 ;--------------------------------------------------------
                                    377 ; initialized external ram data
                                    378 ;--------------------------------------------------------
                                    379 	.area XISEG   (XDATA)
                                    380 	.area HOME    (CODE)
                                    381 	.area GSINIT0 (CODE)
                                    382 	.area GSINIT1 (CODE)
                                    383 	.area GSINIT2 (CODE)
                                    384 	.area GSINIT3 (CODE)
                                    385 	.area GSINIT4 (CODE)
                                    386 	.area GSINIT5 (CODE)
                                    387 	.area GSINIT  (CODE)
                                    388 	.area GSFINAL (CODE)
                                    389 	.area CSEG    (CODE)
                                    390 ;--------------------------------------------------------
                                    391 ; global & static initialisations
                                    392 ;--------------------------------------------------------
                                    393 	.area HOME    (CODE)
                                    394 	.area GSINIT  (CODE)
                                    395 	.area GSFINAL (CODE)
                                    396 	.area GSINIT  (CODE)
                                    397 ;--------------------------------------------------------
                                    398 ; Home
                                    399 ;--------------------------------------------------------
                                    400 	.area HOME    (CODE)
                                    401 	.area HOME    (CODE)
                                    402 ;--------------------------------------------------------
                                    403 ; code
                                    404 ;--------------------------------------------------------
                                    405 	.area CSEG    (CODE)
                                    406 ;------------------------------------------------------------
                                    407 ;Allocation info for local variables in function 'GPIO_configBitValue'
                                    408 ;------------------------------------------------------------
                                    409 ;pin           Allocated with name '_GPIO_configBitValue_PARM_2'
                                    410 ;f             Allocated with name '_GPIO_configBitValue_PARM_3'
                                    411 ;gpio          Allocated to registers r7 
                                    412 ;------------------------------------------------------------
                                    413 ;	/home/carver/Documents/mac_OS_8051/HML_FwLib_STC89/src/gpio.c:28: void GPIO_configBitValue(PERIPH_GPIO gpio, PERIPH_GPIO_PIN pin, FunctionalState f)
                                    414 ;	-----------------------------------------
                                    415 ;	 function GPIO_configBitValue
                                    416 ;	-----------------------------------------
      000000                        417 _GPIO_configBitValue:
                           000007   418 	ar7 = 0x07
                           000006   419 	ar6 = 0x06
                           000005   420 	ar5 = 0x05
                           000004   421 	ar4 = 0x04
                           000003   422 	ar3 = 0x03
                           000002   423 	ar2 = 0x02
                           000001   424 	ar1 = 0x01
                           000000   425 	ar0 = 0x00
      000000 AF 82            [24]  426 	mov	r7, dpl
                                    427 ;	/home/carver/Documents/mac_OS_8051/HML_FwLib_STC89/src/gpio.c:30: if (f == RESET)
      000002 E5*01            [12]  428 	mov	a,_GPIO_configBitValue_PARM_3
      000004 70 08            [24]  429 	jnz	00102$
                                    430 ;	/home/carver/Documents/mac_OS_8051/HML_FwLib_STC89/src/gpio.c:32: GPIO_resetBitValue(gpio, pin);
      000006 85*00*00         [24]  431 	mov	_GPIO_resetBitValue_PARM_2,_GPIO_configBitValue_PARM_2
      000009 8F 82            [24]  432 	mov	dpl, r7
      00000B 02r00rD6         [24]  433 	ljmp	_GPIO_resetBitValue
      00000E                        434 00102$:
                                    435 ;	/home/carver/Documents/mac_OS_8051/HML_FwLib_STC89/src/gpio.c:36: GPIO_setBitValue(gpio, pin);
      00000E 85*00*00         [24]  436 	mov	_GPIO_setBitValue_PARM_2,_GPIO_configBitValue_PARM_2
      000011 8F 82            [24]  437 	mov	dpl, r7
                                    438 ;	/home/carver/Documents/mac_OS_8051/HML_FwLib_STC89/src/gpio.c:38: }
      000013 02r01r0B         [24]  439 	ljmp	_GPIO_setBitValue
                                    440 ;------------------------------------------------------------
                                    441 ;Allocation info for local variables in function 'GPIO_configPortValue'
                                    442 ;------------------------------------------------------------
                                    443 ;val           Allocated with name '_GPIO_configPortValue_PARM_2'
                                    444 ;gpio          Allocated to registers r7 
                                    445 ;------------------------------------------------------------
                                    446 ;	/home/carver/Documents/mac_OS_8051/HML_FwLib_STC89/src/gpio.c:51: void GPIO_configPortValue(PERIPH_GPIO gpio, byte val)
                                    447 ;	-----------------------------------------
                                    448 ;	 function GPIO_configPortValue
                                    449 ;	-----------------------------------------
      000016                        450 _GPIO_configPortValue:
                                    451 ;	/home/carver/Documents/mac_OS_8051/HML_FwLib_STC89/src/gpio.c:53: switch (gpio)
      000016 E5 82            [12]  452 	mov	a,dpl
      000018 FF               [12]  453 	mov	r7,a
      000019 24 FB            [12]  454 	add	a,#0xff - 0x04
      00001B 40 23            [24]  455 	jc	00108$
      00001D EF               [12]  456 	mov	a,r7
      00001E 2F               [12]  457 	add	a,r7
                                    458 ;	/home/carver/Documents/mac_OS_8051/HML_FwLib_STC89/src/gpio.c:55: case PERIPH_GPIO_0: P0 = val; break;
      00001F 90r00r23         [24]  459 	mov	dptr,#00117$
      000022 73               [24]  460 	jmp	@a+dptr
      000023                        461 00117$:
      000023 80 08            [24]  462 	sjmp	00101$
      000025 80 0A            [24]  463 	sjmp	00102$
      000027 80 0C            [24]  464 	sjmp	00103$
      000029 80 0E            [24]  465 	sjmp	00104$
      00002B 80 10            [24]  466 	sjmp	00105$
      00002D                        467 00101$:
      00002D 85*00 80         [24]  468 	mov	_P0,_GPIO_configPortValue_PARM_2
                                    469 ;	/home/carver/Documents/mac_OS_8051/HML_FwLib_STC89/src/gpio.c:56: case PERIPH_GPIO_1: P1 = val; break;
      000030 22               [24]  470 	ret
      000031                        471 00102$:
      000031 85*00 90         [24]  472 	mov	_P1,_GPIO_configPortValue_PARM_2
                                    473 ;	/home/carver/Documents/mac_OS_8051/HML_FwLib_STC89/src/gpio.c:57: case PERIPH_GPIO_2: P2 = val; break;
      000034 22               [24]  474 	ret
      000035                        475 00103$:
      000035 85*00 A0         [24]  476 	mov	_P2,_GPIO_configPortValue_PARM_2
                                    477 ;	/home/carver/Documents/mac_OS_8051/HML_FwLib_STC89/src/gpio.c:58: case PERIPH_GPIO_3: P3 = val; break;
      000038 22               [24]  478 	ret
      000039                        479 00104$:
      000039 85*00 B0         [24]  480 	mov	_P3,_GPIO_configPortValue_PARM_2
                                    481 ;	/home/carver/Documents/mac_OS_8051/HML_FwLib_STC89/src/gpio.c:59: case PERIPH_GPIO_4: P4 = val; break;
      00003C 22               [24]  482 	ret
      00003D                        483 00105$:
      00003D 85*00 E8         [24]  484 	mov	_P4,_GPIO_configPortValue_PARM_2
                                    485 ;	/home/carver/Documents/mac_OS_8051/HML_FwLib_STC89/src/gpio.c:61: }
      000040                        486 00108$:
                                    487 ;	/home/carver/Documents/mac_OS_8051/HML_FwLib_STC89/src/gpio.c:62: }
      000040 22               [24]  488 	ret
                                    489 ;------------------------------------------------------------
                                    490 ;Allocation info for local variables in function 'GPIO_getBitValue'
                                    491 ;------------------------------------------------------------
                                    492 ;pin           Allocated with name '_GPIO_getBitValue_PARM_2'
                                    493 ;gpio          Allocated to registers r7 
                                    494 ;------------------------------------------------------------
                                    495 ;	/home/carver/Documents/mac_OS_8051/HML_FwLib_STC89/src/gpio.c:75: FunctionalState GPIO_getBitValue(PERIPH_GPIO gpio, PERIPH_GPIO_PIN pin)
                                    496 ;	-----------------------------------------
                                    497 ;	 function GPIO_getBitValue
                                    498 ;	-----------------------------------------
      000041                        499 _GPIO_getBitValue:
                                    500 ;	/home/carver/Documents/mac_OS_8051/HML_FwLib_STC89/src/gpio.c:77: switch (gpio)
      000041 E5 82            [12]  501 	mov	a,dpl
      000043 FF               [12]  502 	mov	r7,a
      000044 24 FB            [12]  503 	add	a,#0xff - 0x04
      000046 40 5B            [24]  504 	jc	00106$
      000048 EF               [12]  505 	mov	a,r7
      000049 2F               [12]  506 	add	a,r7
                                    507 ;	/home/carver/Documents/mac_OS_8051/HML_FwLib_STC89/src/gpio.c:79: case PERIPH_GPIO_0: return GET_BIT(P0, pin);
      00004A 90r00r4E         [24]  508 	mov	dptr,#00117$
      00004D 73               [24]  509 	jmp	@a+dptr
      00004E                        510 00117$:
      00004E 80 08            [24]  511 	sjmp	00101$
      000050 80 15            [24]  512 	sjmp	00102$
      000052 80 22            [24]  513 	sjmp	00103$
      000054 80 2F            [24]  514 	sjmp	00104$
      000056 80 3C            [24]  515 	sjmp	00105$
      000058                        516 00101$:
      000058 E5*00            [12]  517 	mov	a,_GPIO_getBitValue_PARM_2
      00005A 55 80            [12]  518 	anl	a,_P0
      00005C B4 01 00         [24]  519 	cjne	a,#0x01,00118$
      00005F                        520 00118$:
      00005F 92*00            [24]  521 	mov  _GPIO_getBitValue_sloc0_1_0,c
      000061 B3               [12]  522 	cpl	c
      000062 E4               [12]  523 	clr	a
      000063 33               [12]  524 	rlc	a
      000064 F5 82            [12]  525 	mov	dpl, a
                                    526 ;	/home/carver/Documents/mac_OS_8051/HML_FwLib_STC89/src/gpio.c:80: case PERIPH_GPIO_1: return GET_BIT(P1, pin);
      000066 22               [24]  527 	ret
      000067                        528 00102$:
      000067 E5*00            [12]  529 	mov	a,_GPIO_getBitValue_PARM_2
      000069 55 90            [12]  530 	anl	a,_P1
      00006B B4 01 00         [24]  531 	cjne	a,#0x01,00119$
      00006E                        532 00119$:
      00006E 92*00            [24]  533 	mov  _GPIO_getBitValue_sloc0_1_0,c
      000070 B3               [12]  534 	cpl	c
      000071 E4               [12]  535 	clr	a
      000072 33               [12]  536 	rlc	a
      000073 F5 82            [12]  537 	mov	dpl, a
                                    538 ;	/home/carver/Documents/mac_OS_8051/HML_FwLib_STC89/src/gpio.c:81: case PERIPH_GPIO_2: return GET_BIT(P2, pin);
      000075 22               [24]  539 	ret
      000076                        540 00103$:
      000076 E5*00            [12]  541 	mov	a,_GPIO_getBitValue_PARM_2
      000078 55 A0            [12]  542 	anl	a,_P2
      00007A B4 01 00         [24]  543 	cjne	a,#0x01,00120$
      00007D                        544 00120$:
      00007D 92*00            [24]  545 	mov  _GPIO_getBitValue_sloc0_1_0,c
      00007F B3               [12]  546 	cpl	c
      000080 E4               [12]  547 	clr	a
      000081 33               [12]  548 	rlc	a
      000082 F5 82            [12]  549 	mov	dpl, a
                                    550 ;	/home/carver/Documents/mac_OS_8051/HML_FwLib_STC89/src/gpio.c:82: case PERIPH_GPIO_3: return GET_BIT(P3, pin);
      000084 22               [24]  551 	ret
      000085                        552 00104$:
      000085 E5*00            [12]  553 	mov	a,_GPIO_getBitValue_PARM_2
      000087 55 B0            [12]  554 	anl	a,_P3
      000089 B4 01 00         [24]  555 	cjne	a,#0x01,00121$
      00008C                        556 00121$:
      00008C 92*00            [24]  557 	mov  _GPIO_getBitValue_sloc0_1_0,c
      00008E B3               [12]  558 	cpl	c
      00008F E4               [12]  559 	clr	a
      000090 33               [12]  560 	rlc	a
      000091 F5 82            [12]  561 	mov	dpl, a
                                    562 ;	/home/carver/Documents/mac_OS_8051/HML_FwLib_STC89/src/gpio.c:83: case PERIPH_GPIO_4: return GET_BIT(P4, pin);
      000093 22               [24]  563 	ret
      000094                        564 00105$:
      000094 E5*00            [12]  565 	mov	a,_GPIO_getBitValue_PARM_2
      000096 55 E8            [12]  566 	anl	a,_P4
      000098 B4 01 00         [24]  567 	cjne	a,#0x01,00122$
      00009B                        568 00122$:
      00009B 92*00            [24]  569 	mov  _GPIO_getBitValue_sloc0_1_0,c
      00009D B3               [12]  570 	cpl	c
      00009E E4               [12]  571 	clr	a
      00009F 33               [12]  572 	rlc	a
      0000A0 F5 82            [12]  573 	mov	dpl, a
                                    574 ;	/home/carver/Documents/mac_OS_8051/HML_FwLib_STC89/src/gpio.c:84: default: return RESET;
      0000A2 22               [24]  575 	ret
      0000A3                        576 00106$:
      0000A3 75 82 00         [24]  577 	mov	dpl, #0x00
                                    578 ;	/home/carver/Documents/mac_OS_8051/HML_FwLib_STC89/src/gpio.c:85: }
                                    579 ;	/home/carver/Documents/mac_OS_8051/HML_FwLib_STC89/src/gpio.c:86: }
      0000A6 22               [24]  580 	ret
                                    581 ;------------------------------------------------------------
                                    582 ;Allocation info for local variables in function 'GPIO_getPortValue'
                                    583 ;------------------------------------------------------------
                                    584 ;gpio          Allocated to registers r7 
                                    585 ;------------------------------------------------------------
                                    586 ;	/home/carver/Documents/mac_OS_8051/HML_FwLib_STC89/src/gpio.c:98: byte GPIO_getPortValue(PERIPH_GPIO gpio)
                                    587 ;	-----------------------------------------
                                    588 ;	 function GPIO_getPortValue
                                    589 ;	-----------------------------------------
      0000A7                        590 _GPIO_getPortValue:
                                    591 ;	/home/carver/Documents/mac_OS_8051/HML_FwLib_STC89/src/gpio.c:100: switch (gpio)
      0000A7 E5 82            [12]  592 	mov	a,dpl
      0000A9 FF               [12]  593 	mov	r7,a
      0000AA 24 FB            [12]  594 	add	a,#0xff - 0x04
      0000AC 40 24            [24]  595 	jc	00106$
      0000AE EF               [12]  596 	mov	a,r7
      0000AF 2F               [12]  597 	add	a,r7
                                    598 ;	/home/carver/Documents/mac_OS_8051/HML_FwLib_STC89/src/gpio.c:102: case PERIPH_GPIO_0: return P0;
      0000B0 90r00rB4         [24]  599 	mov	dptr,#00117$
      0000B3 73               [24]  600 	jmp	@a+dptr
      0000B4                        601 00117$:
      0000B4 80 08            [24]  602 	sjmp	00101$
      0000B6 80 0A            [24]  603 	sjmp	00102$
      0000B8 80 0C            [24]  604 	sjmp	00103$
      0000BA 80 0E            [24]  605 	sjmp	00104$
      0000BC 80 10            [24]  606 	sjmp	00105$
      0000BE                        607 00101$:
      0000BE 85 80 82         [24]  608 	mov	dpl, _P0
                                    609 ;	/home/carver/Documents/mac_OS_8051/HML_FwLib_STC89/src/gpio.c:103: case PERIPH_GPIO_1: return P1;
      0000C1 22               [24]  610 	ret
      0000C2                        611 00102$:
      0000C2 85 90 82         [24]  612 	mov	dpl, _P1
                                    613 ;	/home/carver/Documents/mac_OS_8051/HML_FwLib_STC89/src/gpio.c:104: case PERIPH_GPIO_2: return P2;
      0000C5 22               [24]  614 	ret
      0000C6                        615 00103$:
      0000C6 85 A0 82         [24]  616 	mov	dpl, _P2
                                    617 ;	/home/carver/Documents/mac_OS_8051/HML_FwLib_STC89/src/gpio.c:105: case PERIPH_GPIO_3: return P3;
      0000C9 22               [24]  618 	ret
      0000CA                        619 00104$:
      0000CA 85 B0 82         [24]  620 	mov	dpl, _P3
                                    621 ;	/home/carver/Documents/mac_OS_8051/HML_FwLib_STC89/src/gpio.c:106: case PERIPH_GPIO_4: return P4;
      0000CD 22               [24]  622 	ret
      0000CE                        623 00105$:
      0000CE 85 E8 82         [24]  624 	mov	dpl, _P4
                                    625 ;	/home/carver/Documents/mac_OS_8051/HML_FwLib_STC89/src/gpio.c:107: default: return 0x00;
      0000D1 22               [24]  626 	ret
      0000D2                        627 00106$:
      0000D2 75 82 00         [24]  628 	mov	dpl, #0x00
                                    629 ;	/home/carver/Documents/mac_OS_8051/HML_FwLib_STC89/src/gpio.c:108: }
                                    630 ;	/home/carver/Documents/mac_OS_8051/HML_FwLib_STC89/src/gpio.c:109: }
      0000D5 22               [24]  631 	ret
                                    632 ;------------------------------------------------------------
                                    633 ;Allocation info for local variables in function 'GPIO_resetBitValue'
                                    634 ;------------------------------------------------------------
                                    635 ;pin           Allocated with name '_GPIO_resetBitValue_PARM_2'
                                    636 ;gpio          Allocated to registers r7 
                                    637 ;------------------------------------------------------------
                                    638 ;	/home/carver/Documents/mac_OS_8051/HML_FwLib_STC89/src/gpio.c:122: void GPIO_resetBitValue(PERIPH_GPIO gpio, PERIPH_GPIO_PIN pin)
                                    639 ;	-----------------------------------------
                                    640 ;	 function GPIO_resetBitValue
                                    641 ;	-----------------------------------------
      0000D6                        642 _GPIO_resetBitValue:
                                    643 ;	/home/carver/Documents/mac_OS_8051/HML_FwLib_STC89/src/gpio.c:124: switch (gpio)
      0000D6 E5 82            [12]  644 	mov	a,dpl
      0000D8 FF               [12]  645 	mov	r7,a
      0000D9 24 FB            [12]  646 	add	a,#0xff - 0x04
      0000DB 40 2D            [24]  647 	jc	00108$
      0000DD EF               [12]  648 	mov	a,r7
      0000DE 2F               [12]  649 	add	a,r7
                                    650 ;	/home/carver/Documents/mac_OS_8051/HML_FwLib_STC89/src/gpio.c:126: case PERIPH_GPIO_0: CLR_BIT_MASK(P0, pin); break;
      0000DF 90r00rE3         [24]  651 	mov	dptr,#00117$
      0000E2 73               [24]  652 	jmp	@a+dptr
      0000E3                        653 00117$:
      0000E3 80 08            [24]  654 	sjmp	00101$
      0000E5 80 0C            [24]  655 	sjmp	00102$
      0000E7 80 10            [24]  656 	sjmp	00103$
      0000E9 80 14            [24]  657 	sjmp	00104$
      0000EB 80 18            [24]  658 	sjmp	00105$
      0000ED                        659 00101$:
      0000ED E5*00            [12]  660 	mov	a,_GPIO_resetBitValue_PARM_2
      0000EF F4               [12]  661 	cpl	a
      0000F0 52 80            [12]  662 	anl	_P0,a
                                    663 ;	/home/carver/Documents/mac_OS_8051/HML_FwLib_STC89/src/gpio.c:127: case PERIPH_GPIO_1: CLR_BIT_MASK(P1, pin); break;
      0000F2 22               [24]  664 	ret
      0000F3                        665 00102$:
      0000F3 E5*00            [12]  666 	mov	a,_GPIO_resetBitValue_PARM_2
      0000F5 F4               [12]  667 	cpl	a
      0000F6 52 90            [12]  668 	anl	_P1,a
                                    669 ;	/home/carver/Documents/mac_OS_8051/HML_FwLib_STC89/src/gpio.c:128: case PERIPH_GPIO_2: CLR_BIT_MASK(P2, pin); break;
      0000F8 22               [24]  670 	ret
      0000F9                        671 00103$:
      0000F9 E5*00            [12]  672 	mov	a,_GPIO_resetBitValue_PARM_2
      0000FB F4               [12]  673 	cpl	a
      0000FC 52 A0            [12]  674 	anl	_P2,a
                                    675 ;	/home/carver/Documents/mac_OS_8051/HML_FwLib_STC89/src/gpio.c:129: case PERIPH_GPIO_3: CLR_BIT_MASK(P3, pin); break;
      0000FE 22               [24]  676 	ret
      0000FF                        677 00104$:
      0000FF E5*00            [12]  678 	mov	a,_GPIO_resetBitValue_PARM_2
      000101 F4               [12]  679 	cpl	a
      000102 52 B0            [12]  680 	anl	_P3,a
                                    681 ;	/home/carver/Documents/mac_OS_8051/HML_FwLib_STC89/src/gpio.c:130: case PERIPH_GPIO_4: CLR_BIT_MASK(P4, pin); break;
      000104 22               [24]  682 	ret
      000105                        683 00105$:
      000105 E5*00            [12]  684 	mov	a,_GPIO_resetBitValue_PARM_2
      000107 F4               [12]  685 	cpl	a
      000108 52 E8            [12]  686 	anl	_P4,a
                                    687 ;	/home/carver/Documents/mac_OS_8051/HML_FwLib_STC89/src/gpio.c:132: }
      00010A                        688 00108$:
                                    689 ;	/home/carver/Documents/mac_OS_8051/HML_FwLib_STC89/src/gpio.c:133: }
      00010A 22               [24]  690 	ret
                                    691 ;------------------------------------------------------------
                                    692 ;Allocation info for local variables in function 'GPIO_setBitValue'
                                    693 ;------------------------------------------------------------
                                    694 ;pin           Allocated with name '_GPIO_setBitValue_PARM_2'
                                    695 ;gpio          Allocated to registers r7 
                                    696 ;------------------------------------------------------------
                                    697 ;	/home/carver/Documents/mac_OS_8051/HML_FwLib_STC89/src/gpio.c:146: void GPIO_setBitValue(PERIPH_GPIO gpio, PERIPH_GPIO_PIN pin)
                                    698 ;	-----------------------------------------
                                    699 ;	 function GPIO_setBitValue
                                    700 ;	-----------------------------------------
      00010B                        701 _GPIO_setBitValue:
                                    702 ;	/home/carver/Documents/mac_OS_8051/HML_FwLib_STC89/src/gpio.c:148: switch (gpio)
      00010B E5 82            [12]  703 	mov	a,dpl
      00010D FF               [12]  704 	mov	r7,a
      00010E 24 FB            [12]  705 	add	a,#0xff - 0x04
      000110 40 28            [24]  706 	jc	00108$
      000112 EF               [12]  707 	mov	a,r7
      000113 2F               [12]  708 	add	a,r7
                                    709 ;	/home/carver/Documents/mac_OS_8051/HML_FwLib_STC89/src/gpio.c:150: case PERIPH_GPIO_0: SET_BIT_MASK(P0, pin); break;
      000114 90r01r18         [24]  710 	mov	dptr,#00117$
      000117 73               [24]  711 	jmp	@a+dptr
      000118                        712 00117$:
      000118 80 08            [24]  713 	sjmp	00101$
      00011A 80 0B            [24]  714 	sjmp	00102$
      00011C 80 0E            [24]  715 	sjmp	00103$
      00011E 80 11            [24]  716 	sjmp	00104$
      000120 80 14            [24]  717 	sjmp	00105$
      000122                        718 00101$:
      000122 E5*00            [12]  719 	mov	a,_GPIO_setBitValue_PARM_2
      000124 42 80            [12]  720 	orl	_P0,a
                                    721 ;	/home/carver/Documents/mac_OS_8051/HML_FwLib_STC89/src/gpio.c:151: case PERIPH_GPIO_1: SET_BIT_MASK(P1, pin); break;
      000126 22               [24]  722 	ret
      000127                        723 00102$:
      000127 E5*00            [12]  724 	mov	a,_GPIO_setBitValue_PARM_2
      000129 42 90            [12]  725 	orl	_P1,a
                                    726 ;	/home/carver/Documents/mac_OS_8051/HML_FwLib_STC89/src/gpio.c:152: case PERIPH_GPIO_2: SET_BIT_MASK(P2, pin); break;
      00012B 22               [24]  727 	ret
      00012C                        728 00103$:
      00012C E5*00            [12]  729 	mov	a,_GPIO_setBitValue_PARM_2
      00012E 42 A0            [12]  730 	orl	_P2,a
                                    731 ;	/home/carver/Documents/mac_OS_8051/HML_FwLib_STC89/src/gpio.c:153: case PERIPH_GPIO_3: SET_BIT_MASK(P3, pin); break;
      000130 22               [24]  732 	ret
      000131                        733 00104$:
      000131 E5*00            [12]  734 	mov	a,_GPIO_setBitValue_PARM_2
      000133 42 B0            [12]  735 	orl	_P3,a
                                    736 ;	/home/carver/Documents/mac_OS_8051/HML_FwLib_STC89/src/gpio.c:154: case PERIPH_GPIO_4: SET_BIT_MASK(P4, pin); break;
      000135 22               [24]  737 	ret
      000136                        738 00105$:
      000136 E5*00            [12]  739 	mov	a,_GPIO_setBitValue_PARM_2
      000138 42 E8            [12]  740 	orl	_P4,a
                                    741 ;	/home/carver/Documents/mac_OS_8051/HML_FwLib_STC89/src/gpio.c:156: }
      00013A                        742 00108$:
                                    743 ;	/home/carver/Documents/mac_OS_8051/HML_FwLib_STC89/src/gpio.c:157: }
      00013A 22               [24]  744 	ret
                                    745 ;------------------------------------------------------------
                                    746 ;Allocation info for local variables in function 'GPIO_toggleBitValue'
                                    747 ;------------------------------------------------------------
                                    748 ;pin           Allocated with name '_GPIO_toggleBitValue_PARM_2'
                                    749 ;gpio          Allocated to registers r7 
                                    750 ;------------------------------------------------------------
                                    751 ;	/home/carver/Documents/mac_OS_8051/HML_FwLib_STC89/src/gpio.c:170: void GPIO_toggleBitValue(PERIPH_GPIO gpio, PERIPH_GPIO_PIN pin)
                                    752 ;	-----------------------------------------
                                    753 ;	 function GPIO_toggleBitValue
                                    754 ;	-----------------------------------------
      00013B                        755 _GPIO_toggleBitValue:
                                    756 ;	/home/carver/Documents/mac_OS_8051/HML_FwLib_STC89/src/gpio.c:172: switch (gpio)
      00013B E5 82            [12]  757 	mov	a,dpl
      00013D FF               [12]  758 	mov	r7,a
      00013E 24 FB            [12]  759 	add	a,#0xff - 0x04
      000140 40 28            [24]  760 	jc	00108$
      000142 EF               [12]  761 	mov	a,r7
      000143 2F               [12]  762 	add	a,r7
                                    763 ;	/home/carver/Documents/mac_OS_8051/HML_FwLib_STC89/src/gpio.c:174: case PERIPH_GPIO_0: NOT_BIT_MASK(P0, pin); break;
      000144 90r01r48         [24]  764 	mov	dptr,#00117$
      000147 73               [24]  765 	jmp	@a+dptr
      000148                        766 00117$:
      000148 80 08            [24]  767 	sjmp	00101$
      00014A 80 0B            [24]  768 	sjmp	00102$
      00014C 80 0E            [24]  769 	sjmp	00103$
      00014E 80 11            [24]  770 	sjmp	00104$
      000150 80 14            [24]  771 	sjmp	00105$
      000152                        772 00101$:
      000152 E5*00            [12]  773 	mov	a,_GPIO_toggleBitValue_PARM_2
      000154 62 80            [12]  774 	xrl	_P0,a
                                    775 ;	/home/carver/Documents/mac_OS_8051/HML_FwLib_STC89/src/gpio.c:175: case PERIPH_GPIO_1: NOT_BIT_MASK(P1, pin); break;
      000156 22               [24]  776 	ret
      000157                        777 00102$:
      000157 E5*00            [12]  778 	mov	a,_GPIO_toggleBitValue_PARM_2
      000159 62 90            [12]  779 	xrl	_P1,a
                                    780 ;	/home/carver/Documents/mac_OS_8051/HML_FwLib_STC89/src/gpio.c:176: case PERIPH_GPIO_2: NOT_BIT_MASK(P2, pin); break;
      00015B 22               [24]  781 	ret
      00015C                        782 00103$:
      00015C E5*00            [12]  783 	mov	a,_GPIO_toggleBitValue_PARM_2
      00015E 62 A0            [12]  784 	xrl	_P2,a
                                    785 ;	/home/carver/Documents/mac_OS_8051/HML_FwLib_STC89/src/gpio.c:177: case PERIPH_GPIO_3: NOT_BIT_MASK(P3, pin); break;
      000160 22               [24]  786 	ret
      000161                        787 00104$:
      000161 E5*00            [12]  788 	mov	a,_GPIO_toggleBitValue_PARM_2
      000163 62 B0            [12]  789 	xrl	_P3,a
                                    790 ;	/home/carver/Documents/mac_OS_8051/HML_FwLib_STC89/src/gpio.c:178: case PERIPH_GPIO_4: NOT_BIT_MASK(P4, pin); break;
      000165 22               [24]  791 	ret
      000166                        792 00105$:
      000166 E5*00            [12]  793 	mov	a,_GPIO_toggleBitValue_PARM_2
      000168 62 E8            [12]  794 	xrl	_P4,a
                                    795 ;	/home/carver/Documents/mac_OS_8051/HML_FwLib_STC89/src/gpio.c:180: }
      00016A                        796 00108$:
                                    797 ;	/home/carver/Documents/mac_OS_8051/HML_FwLib_STC89/src/gpio.c:181: }
      00016A 22               [24]  798 	ret
                                    799 	.area CSEG    (CODE)
                                    800 	.area CONST   (CODE)
                                    801 	.area XINIT   (CODE)
                                    802 	.area CABS    (ABS,CODE)
